{
    "extension": "416",
    "privilege": "call,all",
    "timestamp": "2025-06-23T00:01:47",
    "type": "monitor_initialized"
}

{
    "call_type": "",
    "caller_id_name": "416-RD-SW5",
    "caller_id_num": "416",
    "channel": "SIP/416-00009cac",
    "connected_line_name": "<unknown>",
    "connected_line_num": "<unknown>",
    "direction": "",
    "end_time": "",
    "extension_number": "416",
    "has_ringing": false,
    "linkedid": "1750624373.745414",
    "other_extension_number": "",
    "start_time": "2025-06-23T00:02:00",
    "status": "initiated",
    "timestamp": "2025-06-23T00:02:00",
    "type": "call_started",
    "uniqueid": "1750624373.745414"
}

{
    "channel": "SIP/416-00009cac",
    "privilege": "call,all",
    "timestamp": "2025-06-23T00:02:16",
    "type": "call_answered",
    "uniqueid": "1750624373.745414"
}

{
    "call_type": "external",
    "caller_id_name": "416-RD-SW5",
    "caller_id_num": "416",
    "cause": "16",
    "cause_description": "",
    "cause_txt": "",
    "channel": "SIP/416-00009cac",
    "connected_line_name": "<unknown>",
    "connected_line_num": "<unknown>",
    "direction": "out",
    "end_time": "2025-06-23T00:02:22",
    "extension_number": "416",
    "has_ringing": false,
    "linkedid": "1750624373.745414",
    "other_extension_number": "09136421196",
    "raw_event": {
        "AccountCode": "",
        "CallerIDName": "<unknown>",
        "CallerIDNum": "36944000",
        "Cause": "16",
        "Cause-txt": "Normal Clearing",
        "Channel": "SIP/416-00009cac",
        "ChannelState": "6",
        "ChannelStateDesc": "Up",
        "ConnectedLineName": "CID:36944000",
        "ConnectedLineNum": "09136421196",
        "Context": "from-internal",
        "Event": "Hangup",
        "Exten": "h",
        "Language": "pr2",
        "Linkedid": "1750624373.745414",
        "Priority": "1",
        "Privilege": "call,all",
        "Uniqueid": "1750624373.745414"
    },
    "start_time": "2025-06-23T00:02:16",
    "status": "answered",
    "timestamp": "2025-06-23T00:02:22",
    "type": "call_ended",
    "uniqueid": "1750624373.745414"
}

{
    "call_duration": 6,
    "call_type": "external",
    "caller_id_name": "416-RD-SW5",
    "caller_id_num": "416",
    "cause": "16",
    "cause_description": "",
    "cause_txt": "",
    "channel": "SIP/416-00009cac",
    "connected_line_name": "<unknown>",
    "connected_line_num": "<unknown>",
    "direction": "out",
    "end_time": "2025-06-23T00:02:22",
    "extension_number": "416",
    "has_ringing": false,
    "linkedid": "1750624373.745414",
    "other_extension_number": "09136421196",
    "raw_event": {
        "AccountCode": "",
        "CallerIDName": "<unknown>",
        "CallerIDNum": "36944000",
        "Cause": "16",
        "Cause-txt": "Normal Clearing",
        "Channel": "SIP/416-00009cac",
        "ChannelState": "6",
        "ChannelStateDesc": "Up",
        "ConnectedLineName": "CID:36944000",
        "ConnectedLineNum": "09136421196",
        "Context": "from-internal",
        "Event": "Hangup",
        "Exten": "h",
        "Language": "pr2",
        "Linkedid": "1750624373.745414",
        "Priority": "1",
        "Privilege": "call,all",
        "Uniqueid": "1750624373.745414"
    },
    "start_time": "2025-06-23T00:02:16",
    "status": "answered",
    "timestamp": "2025-06-23T00:02:22",
    "type": "call_summary",
    "uniqueid": "1750624373.745414"
}

{
    "call_type": "",
    "caller_id_name": "416-RD-SW5",
    "caller_id_num": "416",
    "channel": "SIP/416-00009caf",
    "connected_line_name": "<unknown>",
    "connected_line_num": "<unknown>",
    "direction": "",
    "end_time": "",
    "extension_number": "416",
    "has_ringing": false,
    "linkedid": "1750624494.745455",
    "other_extension_number": "",
    "start_time": "2025-06-23T00:04:07",
    "status": "initiated",
    "timestamp": "2025-06-23T00:04:07",
    "type": "call_started",
    "uniqueid": "1750624500.745459"
}

{
    "channel": "SIP/416-00009caf",
    "privilege": "call,all",
    "timestamp": "2025-06-23T00:04:07",
    "type": "call_ringing",
    "uniqueid": "1750624500.745459"
}

{
    "call_type": "external",
    "caller_id_name": "416-RD-SW5",
    "caller_id_num": "416",
    "cause": "17",
    "cause_description": "",
    "cause_txt": "",
    "channel": "SIP/416-00009caf",
    "connected_line_name": "<unknown>",
    "connected_line_num": "<unknown>",
    "direction": "in",
    "end_time": "2025-06-23T00:04:14",
    "extension_number": "416",
    "has_ringing": true,
    "linkedid": "1750624494.745455",
    "other_extension_number": "9136421196",
    "raw_event": {
        "AccountCode": "",
        "CallerIDName": "416-RD-SW5",
        "CallerIDNum": "416",
        "Cause": "17",
        "Cause-txt": "User busy",
        "Channel": "SIP/416-00009caf",
        "ChannelState": "5",
        "ChannelStateDesc": "Ringing",
        "ConnectedLineName": "9136421196",
        "ConnectedLineNum": "9136421196",
        "Context": "from-internal",
        "Event": "Hangup",
        "Exten": "416",
        "Language": "pr2",
        "Linkedid": "1750624494.745455",
        "Priority": "1",
        "Privilege": "call,all",
        "Uniqueid": "1750624500.745459"
    },
    "start_time": "2025-06-23T00:04:07",
    "status": "ringing",
    "timestamp": "2025-06-23T00:04:14",
    "type": "call_ended",
    "uniqueid": "1750624500.745459"
}

{
    "call_duration": 7,
    "call_type": "external",
    "caller_id_name": "416-RD-SW5",
    "caller_id_num": "416",
    "cause": "17",
    "cause_description": "",
    "cause_txt": "",
    "channel": "SIP/416-00009caf",
    "connected_line_name": "<unknown>",
    "connected_line_num": "<unknown>",
    "direction": "in",
    "end_time": "2025-06-23T00:04:14",
    "extension_number": "416",
    "has_ringing": true,
    "linkedid": "1750624494.745455",
    "other_extension_number": "9136421196",
    "raw_event": {
        "AccountCode": "",
        "CallerIDName": "416-RD-SW5",
        "CallerIDNum": "416",
        "Cause": "17",
        "Cause-txt": "User busy",
        "Channel": "SIP/416-00009caf",
        "ChannelState": "5",
        "ChannelStateDesc": "Ringing",
        "ConnectedLineName": "9136421196",
        "ConnectedLineNum": "9136421196",
        "Context": "from-internal",
        "Event": "Hangup",
        "Exten": "416",
        "Language": "pr2",
        "Linkedid": "1750624494.745455",
        "Priority": "1",
        "Privilege": "call,all",
        "Uniqueid": "1750624500.745459"
    },
    "start_time": "2025-06-23T00:04:07",
    "status": "ringing",
    "timestamp": "2025-06-23T00:04:14",
    "type": "call_summary",
    "uniqueid": "1750624500.745459"
}

{
    "call_type": "",
    "caller_id_name": "416-RD-SW5",
    "caller_id_num": "416",
    "channel": "SIP/416-00009cb1",
    "connected_line_name": "<unknown>",
    "connected_line_num": "<unknown>",
    "direction": "",
    "end_time": "",
    "extension_number": "416",
    "has_ringing": false,
    "linkedid": "1750624526.745482",
    "other_extension_number": "",
    "start_time": "2025-06-23T00:04:37",
    "status": "initiated",
    "timestamp": "2025-06-23T00:04:37",
    "type": "call_started",
    "uniqueid": "1750624531.745486"
}

{
    "channel": "SIP/416-00009cb1",
    "privilege": "call,all",
    "timestamp": "2025-06-23T00:04:37",
    "type": "call_ringing",
    "uniqueid": "1750624531.745486"
}

{
    "channel": "SIP/416-00009cb1",
    "privilege": "call,all",
    "timestamp": "2025-06-23T00:04:40",
    "type": "call_answered",
    "uniqueid": "1750624531.745486"
}

{
    "call_type": "external",
    "caller_id_name": "416-RD-SW5",
    "caller_id_num": "416",
    "cause": "16",
    "cause_description": "",
    "cause_txt": "",
    "channel": "SIP/416-00009cb1",
    "connected_line_name": "<unknown>",
    "connected_line_num": "<unknown>",
    "direction": "in",
    "end_time": "2025-06-23T00:04:46",
    "extension_number": "416",
    "has_ringing": true,
    "linkedid": "1750624526.745482",
    "other_extension_number": "9136421196",
    "raw_event": {
        "AccountCode": "",
        "CallerIDName": "416-RD-SW5",
        "CallerIDNum": "416",
        "Cause": "16",
        "Cause-txt": "Normal Clearing",
        "Channel": "SIP/416-00009cb1",
        "ChannelState": "6",
        "ChannelStateDesc": "Up",
        "ConnectedLineName": "9136421196",
        "ConnectedLineNum": "9136421196",
        "Context": "from-internal",
        "Event": "Hangup",
        "Exten": "",
        "Language": "pr2",
        "Linkedid": "1750624526.745482",
        "Priority": "1",
        "Privilege": "call,all",
        "Uniqueid": "1750624531.745486"
    },
    "start_time": "2025-06-23T00:04:40",
    "status": "answered",
    "timestamp": "2025-06-23T00:04:46",
    "type": "call_ended",
    "uniqueid": "1750624531.745486"
}

{
    "call_duration": 5,
    "call_type": "external",
    "caller_id_name": "416-RD-SW5",
    "caller_id_num": "416",
    "cause": "16",
    "cause_description": "",
    "cause_txt": "",
    "channel": "SIP/416-00009cb1",
    "connected_line_name": "<unknown>",
    "connected_line_num": "<unknown>",
    "direction": "in",
    "end_time": "2025-06-23T00:04:46",
    "extension_number": "416",
    "has_ringing": true,
    "linkedid": "1750624526.745482",
    "other_extension_number": "9136421196",
    "raw_event": {
        "AccountCode": "",
        "CallerIDName": "416-RD-SW5",
        "CallerIDNum": "416",
        "Cause": "16",
        "Cause-txt": "Normal Clearing",
        "Channel": "SIP/416-00009cb1",
        "ChannelState": "6",
        "ChannelStateDesc": "Up",
        "ConnectedLineName": "9136421196",
        "ConnectedLineNum": "9136421196",
        "Context": "from-internal",
        "Event": "Hangup",
        "Exten": "",
        "Language": "pr2",
        "Linkedid": "1750624526.745482",
        "Priority": "1",
        "Privilege": "call,all",
        "Uniqueid": "1750624531.745486"
    },
    "start_time": "2025-06-23T00:04:40",
    "status": "answered",
    "timestamp": "2025-06-23T00:04:46",
    "type": "call_summary",
    "uniqueid": "1750624531.745486"
}

{
    "call_type": "",
    "caller_id_name": "416-RD-SW5",
    "caller_id_num": "416",
    "channel": "SIP/416-0000a0fe",
    "connected_line_name": "<unknown>",
    "connected_line_num": "<unknown>",
    "direction": "",
    "end_time": "",
    "extension_number": "416",
    "has_ringing": false,
    "linkedid": "1750662230.763026",
    "other_extension_number": "",
    "start_time": "2025-06-23T10:32:57",
    "status": "initiated",
    "timestamp": "2025-06-23T10:32:57",
    "type": "call_started",
    "uniqueid": "1750662230.763029"
}

{
    "channel": "SIP/416-0000a0fe",
    "privilege": "call,all",
    "timestamp": "2025-06-23T10:32:57",
    "type": "call_ringing",
    "uniqueid": "1750662230.763029"
}

{
    "call_type": "internal",
    "caller_id_name": "416-RD-SW5",
    "caller_id_num": "416",
    "cause": "16",
    "cause_description": "",
    "cause_txt": "",
    "channel": "SIP/416-0000a0fe",
    "connected_line_name": "<unknown>",
    "connected_line_num": "<unknown>",
    "direction": "in",
    "end_time": "2025-06-23T10:33:16",
    "extension_number": "416",
    "has_ringing": true,
    "linkedid": "1750662230.763026",
    "other_extension_number": "410",
    "raw_event": {
        "AccountCode": "",
        "CallerIDName": "416-RD-SW5",
        "CallerIDNum": "416",
        "Cause": "16",
        "Cause-txt": "Normal Clearing",
        "Channel": "SIP/416-0000a0fe",
        "ChannelState": "5",
        "ChannelStateDesc": "Ringing",
        "ConnectedLineName": "410-RD-SW",
        "ConnectedLineNum": "410",
        "Context": "from-internal",
        "Event": "Hangup",
        "Exten": "416",
        "Language": "pr2",
        "Linkedid": "1750662230.763026",
        "Priority": "1",
        "Privilege": "call,all",
        "Uniqueid": "1750662230.763029"
    },
    "start_time": "2025-06-23T10:32:57",
    "status": "ringing",
    "timestamp": "2025-06-23T10:33:16",
    "type": "call_ended",
    "uniqueid": "1750662230.763029"
}

{
    "call_duration": 19,
    "call_type": "internal",
    "caller_id_name": "416-RD-SW5",
    "caller_id_num": "416",
    "cause": "16",
    "cause_description": "",
    "cause_txt": "",
    "channel": "SIP/416-0000a0fe",
    "connected_line_name": "<unknown>",
    "connected_line_num": "<unknown>",
    "direction": "in",
    "end_time": "2025-06-23T10:33:16",
    "extension_number": "416",
    "has_ringing": true,
    "linkedid": "1750662230.763026",
    "other_extension_number": "410",
    "raw_event": {
        "AccountCode": "",
        "CallerIDName": "416-RD-SW5",
        "CallerIDNum": "416",
        "Cause": "16",
        "Cause-txt": "Normal Clearing",
        "Channel": "SIP/416-0000a0fe",
        "ChannelState": "5",
        "ChannelStateDesc": "Ringing",
        "ConnectedLineName": "410-RD-SW",
        "ConnectedLineNum": "410",
        "Context": "from-internal",
        "Event": "Hangup",
        "Exten": "416",
        "Language": "pr2",
        "Linkedid": "1750662230.763026",
        "Priority": "1",
        "Privilege": "call,all",
        "Uniqueid": "1750662230.763029"
    },
    "start_time": "2025-06-23T10:32:57",
    "status": "ringing",
    "timestamp": "2025-06-23T10:33:16",
    "type": "call_summary",
    "uniqueid": "1750662230.763029"
}

{
    "extension": "416",
    "privilege": "call,all",
    "timestamp": "2025-06-23T20:53:45",
    "type": "monitor_initialized"
}

{
    "call_type": "",
    "caller_id_name": "416-RD-SW5",
    "caller_id_num": "416",
    "channel": "SIP/416-0000aad5",
    "connected_line_name": "<unknown>",
    "connected_line_num": "<unknown>",
    "direction": "",
    "end_time": "",
    "extension_number": "416",
    "has_ringing": false,
    "linkedid": "1750699497.793969",
    "other_extension_number": "",
    "start_time": "2025-06-23T20:54:04",
    "status": "initiated",
    "timestamp": "2025-06-23T20:54:04",
    "type": "call_started",
    "uniqueid": "1750699497.793969"
}

{
    "channel": "SIP/416-0000aad5",
    "privilege": "call,all",
    "timestamp": "2025-06-23T20:54:09",
    "type": "call_answered",
    "uniqueid": "1750699497.793969"
}

{
    "call_type": "external",
    "caller_id_name": "416-RD-SW5",
    "caller_id_num": "416",
    "cause": "16",
    "cause_description": "",
    "cause_txt": "",
    "channel": "SIP/416-0000aad5",
    "connected_line_name": "<unknown>",
    "connected_line_num": "<unknown>",
    "direction": "out",
    "end_time": "2025-06-23T20:58:19",
    "extension_number": "416",
    "has_ringing": false,
    "linkedid": "1750699497.793969",
    "other_extension_number": "09136421196",
    "raw_event": {
        "AccountCode": "",
        "CallerIDName": "<unknown>",
        "CallerIDNum": "36944000",
        "Cause": "16",
        "Cause-txt": "Normal Clearing",
        "Channel": "SIP/416-0000aad5",
        "ChannelState": "6",
        "ChannelStateDesc": "Up",
        "ConnectedLineName": "CID:36944000",
        "ConnectedLineNum": "09136421196",
        "Context": "from-internal",
        "Event": "Hangup",
        "Exten": "h",
        "Language": "pr2",
        "Linkedid": "1750699497.793969",
        "Priority": "1",
        "Privilege": "call,all",
        "Uniqueid": "1750699497.793969"
    },
    "start_time": "2025-06-23T20:54:09",
    "status": "answered",
    "timestamp": "2025-06-23T20:58:19",
    "type": "call_ended",
    "uniqueid": "1750699497.793969"
}

{
    "call_duration": 249,
    "call_type": "external",
    "caller_id_name": "416-RD-SW5",
    "caller_id_num": "416",
    "cause": "16",
    "cause_description": "",
    "cause_txt": "",
    "channel": "SIP/416-0000aad5",
    "connected_line_name": "<unknown>",
    "connected_line_num": "<unknown>",
    "direction": "out",
    "end_time": "2025-06-23T20:58:19",
    "extension_number": "416",
    "has_ringing": false,
    "linkedid": "1750699497.793969",
    "other_extension_number": "09136421196",
    "raw_event": {
        "AccountCode": "",
        "CallerIDName": "<unknown>",
        "CallerIDNum": "36944000",
        "Cause": "16",
        "Cause-txt": "Normal Clearing",
        "Channel": "SIP/416-0000aad5",
        "ChannelState": "6",
        "ChannelStateDesc": "Up",
        "ConnectedLineName": "CID:36944000",
        "ConnectedLineNum": "09136421196",
        "Context": "from-internal",
        "Event": "Hangup",
        "Exten": "h",
        "Language": "pr2",
        "Linkedid": "1750699497.793969",
        "Priority": "1",
        "Privilege": "call,all",
        "Uniqueid": "1750699497.793969"
    },
    "start_time": "2025-06-23T20:54:09",
    "status": "answered",
    "timestamp": "2025-06-23T20:58:19",
    "type": "call_summary",
    "uniqueid": "1750699497.793969"
}

{
    "call_type": "",
    "caller_id_name": "416-RD-SW5",
    "caller_id_num": "416",
    "channel": "SIP/416-0000aad7",
    "connected_line_name": "<unknown>",
    "connected_line_num": "<unknown>",
    "direction": "",
    "end_time": "",
    "extension_number": "416",
    "has_ringing": false,
    "linkedid": "1750699824.794054",
    "other_extension_number": "",
    "start_time": "2025-06-23T20:59:31",
    "status": "initiated",
    "timestamp": "2025-06-23T20:59:31",
    "type": "call_started",
    "uniqueid": "1750699824.794054"
}

{
    "channel": "SIP/416-0000aad7",
    "privilege": "call,all",
    "timestamp": "2025-06-23T20:59:52",
    "type": "call_answered",
    "uniqueid": "1750699824.794054"
}

{
    "call_type": "external",
    "caller_id_name": "416-RD-SW5",
    "caller_id_num": "416",
    "cause": "16",
    "cause_description": "",
    "cause_txt": "",
    "channel": "SIP/416-0000aad7",
    "connected_line_name": "<unknown>",
    "connected_line_num": "<unknown>",
    "direction": "out",
    "end_time": "2025-06-23T21:00:42",
    "extension_number": "416",
    "has_ringing": false,
    "linkedid": "1750699824.794054",
    "other_extension_number": "09136421196",
    "raw_event": {
        "AccountCode": "",
        "CallerIDName": "<unknown>",
        "CallerIDNum": "36944000",
        "Cause": "16",
        "Cause-txt": "Normal Clearing",
        "Channel": "SIP/416-0000aad7",
        "ChannelState": "6",
        "ChannelStateDesc": "Up",
        "ConnectedLineName": "CID:36944000",
        "ConnectedLineNum": "09136421196",
        "Context": "from-internal",
        "Event": "Hangup",
        "Exten": "h",
        "Language": "pr2",
        "Linkedid": "1750699824.794054",
        "Priority": "1",
        "Privilege": "call,all",
        "Uniqueid": "1750699824.794054"
    },
    "start_time": "2025-06-23T20:59:52",
    "status": "answered",
    "timestamp": "2025-06-23T21:00:42",
    "type": "call_ended",
    "uniqueid": "1750699824.794054"
}

{
    "call_duration": 50,
    "call_type": "external",
    "caller_id_name": "416-RD-SW5",
    "caller_id_num": "416",
    "cause": "16",
    "cause_description": "",
    "cause_txt": "",
    "channel": "SIP/416-0000aad7",
    "connected_line_name": "<unknown>",
    "connected_line_num": "<unknown>",
    "direction": "out",
    "end_time": "2025-06-23T21:00:42",
    "extension_number": "416",
    "has_ringing": false,
    "linkedid": "1750699824.794054",
    "other_extension_number": "09136421196",
    "raw_event": {
        "AccountCode": "",
        "CallerIDName": "<unknown>",
        "CallerIDNum": "36944000",
        "Cause": "16",
        "Cause-txt": "Normal Clearing",
        "Channel": "SIP/416-0000aad7",
        "ChannelState": "6",
        "ChannelStateDesc": "Up",
        "ConnectedLineName": "CID:36944000",
        "ConnectedLineNum": "09136421196",
        "Context": "from-internal",
        "Event": "Hangup",
        "Exten": "h",
        "Language": "pr2",
        "Linkedid": "1750699824.794054",
        "Priority": "1",
        "Privilege": "call,all",
        "Uniqueid": "1750699824.794054"
    },
    "start_time": "2025-06-23T20:59:52",
    "status": "answered",
    "timestamp": "2025-06-23T21:00:42",
    "type": "call_summary",
    "uniqueid": "1750699824.794054"
}

{
    "call_type": "",
    "caller_id_name": "416-RD-SW5",
    "caller_id_num": "416",
    "channel": "SIP/416-0000aad9",
    "connected_line_name": "<unknown>",
    "connected_line_num": "<unknown>",
    "direction": "",
    "end_time": "",
    "extension_number": "416",
    "has_ringing": false,
    "linkedid": "1750700288.794161",
    "other_extension_number": "",
    "start_time": "2025-06-23T21:07:15",
    "status": "initiated",
    "timestamp": "2025-06-23T21:07:15",
    "type": "call_started",
    "uniqueid": "1750700288.794161"
}

{
    "channel": "SIP/416-0000aad9",
    "privilege": "call,all",
    "timestamp": "2025-06-23T21:07:24",
    "type": "call_answered",
    "uniqueid": "1750700288.794161"
}

{
    "call_type": "external",
    "caller_id_name": "416-RD-SW5",
    "caller_id_num": "416",
    "cause": "16",
    "cause_description": "",
    "cause_txt": "",
    "channel": "SIP/416-0000aad9",
    "connected_line_name": "<unknown>",
    "connected_line_num": "<unknown>",
    "direction": "out",
    "end_time": "2025-06-23T21:07:27",
    "extension_number": "416",
    "has_ringing": false,
    "linkedid": "1750700288.794161",
    "other_extension_number": "09136421196",
    "raw_event": {
        "AccountCode": "",
        "CallerIDName": "<unknown>",
        "CallerIDNum": "36944000",
        "Cause": "16",
        "Cause-txt": "Normal Clearing",
        "Channel": "SIP/416-0000aad9",
        "ChannelState": "6",
        "ChannelStateDesc": "Up",
        "ConnectedLineName": "CID:36944000",
        "ConnectedLineNum": "09136421196",
        "Context": "from-internal",
        "Event": "Hangup",
        "Exten": "h",
        "Language": "pr2",
        "Linkedid": "1750700288.794161",
        "Priority": "1",
        "Privilege": "call,all",
        "Uniqueid": "1750700288.794161"
    },
    "start_time": "2025-06-23T21:07:24",
    "status": "answered",
    "timestamp": "2025-06-23T21:07:27",
    "type": "call_ended",
    "uniqueid": "1750700288.794161"
}

{
    "call_duration": 3,
    "call_type": "external",
    "caller_id_name": "416-RD-SW5",
    "caller_id_num": "416",
    "cause": "16",
    "cause_description": "",
    "cause_txt": "",
    "channel": "SIP/416-0000aad9",
    "connected_line_name": "<unknown>",
    "connected_line_num": "<unknown>",
    "direction": "out",
    "end_time": "2025-06-23T21:07:27",
    "extension_number": "416",
    "has_ringing": false,
    "linkedid": "1750700288.794161",
    "other_extension_number": "09136421196",
    "raw_event": {
        "AccountCode": "",
        "CallerIDName": "<unknown>",
        "CallerIDNum": "36944000",
        "Cause": "16",
        "Cause-txt": "Normal Clearing",
        "Channel": "SIP/416-0000aad9",
        "ChannelState": "6",
        "ChannelStateDesc": "Up",
        "ConnectedLineName": "CID:36944000",
        "ConnectedLineNum": "09136421196",
        "Context": "from-internal",
        "Event": "Hangup",
        "Exten": "h",
        "Language": "pr2",
        "Linkedid": "1750700288.794161",
        "Priority": "1",
        "Privilege": "call,all",
        "Uniqueid": "1750700288.794161"
    },
    "start_time": "2025-06-23T21:07:24",
    "status": "answered",
    "timestamp": "2025-06-23T21:07:27",
    "type": "call_summary",
    "uniqueid": "1750700288.794161"
}

{
    "call_type": "",
    "caller_id_name": "416-RD-SW5",
    "caller_id_num": "416",
    "channel": "SIP/416-0000aadb",
    "connected_line_name": "<unknown>",
    "connected_line_num": "<unknown>",
    "direction": "",
    "end_time": "",
    "extension_number": "416",
    "has_ringing": false,
    "linkedid": "1750700633.794235",
    "other_extension_number": "",
    "start_time": "2025-06-23T21:13:00",
    "status": "initiated",
    "timestamp": "2025-06-23T21:13:00",
    "type": "call_started",
    "uniqueid": "1750700633.794235"
}

{
    "channel": "SIP/416-0000aadb",
    "privilege": "call,all",
    "timestamp": "2025-06-23T21:13:04",
    "type": "call_answered",
    "uniqueid": "1750700633.794235"
}

{
    "call_type": "external",
    "caller_id_name": "416-RD-SW5",
    "caller_id_num": "416",
    "cause": "16",
    "cause_description": "",
    "cause_txt": "",
    "channel": "SIP/416-0000aadb",
    "connected_line_name": "<unknown>",
    "connected_line_num": "<unknown>",
    "direction": "out",
    "end_time": "2025-06-23T21:13:07",
    "extension_number": "416",
    "has_ringing": false,
    "linkedid": "1750700633.794235",
    "other_extension_number": "09136421196",
    "raw_event": {
        "AccountCode": "",
        "CallerIDName": "<unknown>",
        "CallerIDNum": "36944000",
        "Cause": "16",
        "Cause-txt": "Normal Clearing",
        "Channel": "SIP/416-0000aadb",
        "ChannelState": "6",
        "ChannelStateDesc": "Up",
        "ConnectedLineName": "CID:36944000",
        "ConnectedLineNum": "09136421196",
        "Context": "from-internal",
        "Event": "Hangup",
        "Exten": "h",
        "Language": "pr2",
        "Linkedid": "1750700633.794235",
        "Priority": "1",
        "Privilege": "call,all",
        "Uniqueid": "1750700633.794235"
    },
    "start_time": "2025-06-23T21:13:04",
    "status": "answered",
    "timestamp": "2025-06-23T21:13:07",
    "type": "call_ended",
    "uniqueid": "1750700633.794235"
}

{
    "call_duration": 2,
    "call_type": "external",
    "caller_id_name": "416-RD-SW5",
    "caller_id_num": "416",
    "cause": "16",
    "cause_description": "",
    "cause_txt": "",
    "channel": "SIP/416-0000aadb",
    "connected_line_name": "<unknown>",
    "connected_line_num": "<unknown>",
    "direction": "out",
    "end_time": "2025-06-23T21:13:07",
    "extension_number": "416",
    "has_ringing": false,
    "linkedid": "1750700633.794235",
    "other_extension_number": "09136421196",
    "raw_event": {
        "AccountCode": "",
        "CallerIDName": "<unknown>",
        "CallerIDNum": "36944000",
        "Cause": "16",
        "Cause-txt": "Normal Clearing",
        "Channel": "SIP/416-0000aadb",
        "ChannelState": "6",
        "ChannelStateDesc": "Up",
        "ConnectedLineName": "CID:36944000",
        "ConnectedLineNum": "09136421196",
        "Context": "from-internal",
        "Event": "Hangup",
        "Exten": "h",
        "Language": "pr2",
        "Linkedid": "1750700633.794235",
        "Priority": "1",
        "Privilege": "call,all",
        "Uniqueid": "1750700633.794235"
    },
    "start_time": "2025-06-23T21:13:04",
    "status": "answered",
    "timestamp": "2025-06-23T21:13:07",
    "type": "call_summary",
    "uniqueid": "1750700633.794235"
}

{
    "call_type": "",
    "caller_id_name": "416-RD-SW5",
    "caller_id_num": "416",
    "channel": "SIP/416-0000aadd",
    "connected_line_name": "<unknown>",
    "connected_line_num": "<unknown>",
    "direction": "",
    "end_time": "",
    "extension_number": "416",
    "has_ringing": false,
    "linkedid": "1750701624.794441",
    "other_extension_number": "",
    "start_time": "2025-06-23T21:29:30",
    "status": "initiated",
    "timestamp": "2025-06-23T21:29:30",
    "type": "call_started",
    "uniqueid": "1750701624.794441"
}

{
    "channel": "SIP/416-0000aadd",
    "privilege": "call,all",
    "timestamp": "2025-06-23T21:29:43",
    "type": "call_answered",
    "uniqueid": "1750701624.794441"
}

{
    "call_type": "external",
    "caller_id_name": "416-RD-SW5",
    "caller_id_num": "416",
    "cause": "16",
    "cause_description": "",
    "cause_txt": "",
    "channel": "SIP/416-0000aadd",
    "connected_line_name": "<unknown>",
    "connected_line_num": "<unknown>",
    "direction": "out",
    "end_time": "2025-06-23T21:30:19",
    "extension_number": "416",
    "has_ringing": false,
    "linkedid": "1750701624.794441",
    "other_extension_number": "09136421196",
    "raw_event": {
        "AccountCode": "",
        "CallerIDName": "<unknown>",
        "CallerIDNum": "36944000",
        "Cause": "16",
        "Cause-txt": "Normal Clearing",
        "Channel": "SIP/416-0000aadd",
        "ChannelState": "6",
        "ChannelStateDesc": "Up",
        "ConnectedLineName": "CID:36944000",
        "ConnectedLineNum": "09136421196",
        "Context": "from-internal",
        "Event": "Hangup",
        "Exten": "h",
        "Language": "pr2",
        "Linkedid": "1750701624.794441",
        "Priority": "1",
        "Privilege": "call,all",
        "Uniqueid": "1750701624.794441"
    },
    "start_time": "2025-06-23T21:29:43",
    "status": "answered",
    "timestamp": "2025-06-23T21:30:19",
    "type": "call_ended",
    "uniqueid": "1750701624.794441"
}

{
    "call_duration": 36,
    "call_type": "external",
    "caller_id_name": "416-RD-SW5",
    "caller_id_num": "416",
    "cause": "16",
    "cause_description": "",
    "cause_txt": "",
    "channel": "SIP/416-0000aadd",
    "connected_line_name": "<unknown>",
    "connected_line_num": "<unknown>",
    "direction": "out",
    "end_time": "2025-06-23T21:30:19",
    "extension_number": "416",
    "has_ringing": false,
    "linkedid": "1750701624.794441",
    "other_extension_number": "09136421196",
    "raw_event": {
        "AccountCode": "",
        "CallerIDName": "<unknown>",
        "CallerIDNum": "36944000",
        "Cause": "16",
        "Cause-txt": "Normal Clearing",
        "Channel": "SIP/416-0000aadd",
        "ChannelState": "6",
        "ChannelStateDesc": "Up",
        "ConnectedLineName": "CID:36944000",
        "ConnectedLineNum": "09136421196",
        "Context": "from-internal",
        "Event": "Hangup",
        "Exten": "h",
        "Language": "pr2",
        "Linkedid": "1750701624.794441",
        "Priority": "1",
        "Privilege": "call,all",
        "Uniqueid": "1750701624.794441"
    },
    "start_time": "2025-06-23T21:29:43",
    "status": "answered",
    "timestamp": "2025-06-23T21:30:19",
    "type": "call_summary",
    "uniqueid": "1750701624.794441"
}

{
    "call_type": "",
    "caller_id_name": "416-RD-SW5",
    "caller_id_num": "416",
    "channel": "SIP/416-0000ae15",
    "connected_line_name": "<unknown>",
    "connected_line_num": "<unknown>",
    "direction": "",
    "end_time": "",
    "extension_number": "416",
    "has_ringing": false,
    "linkedid": "1750745886.810282",
    "other_extension_number": "",
    "start_time": "2025-06-24T09:47:13",
    "status": "initiated",
    "timestamp": "2025-06-24T09:47:13",
    "type": "call_started",
    "uniqueid": "1750745886.810285"
}

{
    "channel": "SIP/416-0000ae15",
    "privilege": "call,all",
    "timestamp": "2025-06-24T09:47:13",
    "type": "call_ringing",
    "uniqueid": "1750745886.810285"
}

{
    "call_type": "internal",
    "caller_id_name": "416-RD-SW5",
    "caller_id_num": "416",
    "cause": "16",
    "cause_description": "",
    "cause_txt": "",
    "channel": "SIP/416-0000ae15",
    "connected_line_name": "<unknown>",
    "connected_line_num": "<unknown>",
    "direction": "in",
    "end_time": "2025-06-24T09:47:46",
    "extension_number": "416",
    "has_ringing": true,
    "linkedid": "1750745886.810282",
    "other_extension_number": "414",
    "raw_event": {
        "AccountCode": "",
        "CallerIDName": "416-RD-SW5",
        "CallerIDNum": "416",
        "Cause": "16",
        "Cause-txt": "Normal Clearing",
        "Channel": "SIP/416-0000ae15",
        "ChannelState": "5",
        "ChannelStateDesc": "Ringing",
        "ConnectedLineName": "414-RD-SW3",
        "ConnectedLineNum": "414",
        "Context": "from-internal",
        "Event": "Hangup",
        "Exten": "416",
        "Language": "pr2",
        "Linkedid": "1750745886.810282",
        "Priority": "1",
        "Privilege": "call,all",
        "Uniqueid": "1750745886.810285"
    },
    "start_time": "2025-06-24T09:47:13",
    "status": "ringing",
    "timestamp": "2025-06-24T09:47:46",
    "type": "call_ended",
    "uniqueid": "1750745886.810285"
}

{
    "call_duration": 33,
    "call_type": "internal",
    "caller_id_name": "416-RD-SW5",
    "caller_id_num": "416",
    "cause": "16",
    "cause_description": "",
    "cause_txt": "",
    "channel": "SIP/416-0000ae15",
    "connected_line_name": "<unknown>",
    "connected_line_num": "<unknown>",
    "direction": "in",
    "end_time": "2025-06-24T09:47:46",
    "extension_number": "416",
    "has_ringing": true,
    "linkedid": "1750745886.810282",
    "other_extension_number": "414",
    "raw_event": {
        "AccountCode": "",
        "CallerIDName": "416-RD-SW5",
        "CallerIDNum": "416",
        "Cause": "16",
        "Cause-txt": "Normal Clearing",
        "Channel": "SIP/416-0000ae15",
        "ChannelState": "5",
        "ChannelStateDesc": "Ringing",
        "ConnectedLineName": "414-RD-SW3",
        "ConnectedLineNum": "414",
        "Context": "from-internal",
        "Event": "Hangup",
        "Exten": "416",
        "Language": "pr2",
        "Linkedid": "1750745886.810282",
        "Priority": "1",
        "Privilege": "call,all",
        "Uniqueid": "1750745886.810285"
    },
    "start_time": "2025-06-24T09:47:13",
    "status": "ringing",
    "timestamp": "2025-06-24T09:47:46",
    "type": "call_summary",
    "uniqueid": "1750745886.810285"
}

{
    "call_type": "",
    "caller_id_name": "416-RD-SW5",
    "caller_id_num": "416",
    "channel": "SIP/416-0000b119",
    "connected_line_name": "<unknown>",
    "connected_line_num": "<unknown>",
    "direction": "",
    "end_time": "",
    "extension_number": "416",
    "has_ringing": false,
    "linkedid": "1750752401.818767",
    "other_extension_number": "",
    "start_time": "2025-06-24T11:35:48",
    "status": "initiated",
    "timestamp": "2025-06-24T11:35:48",
    "type": "call_started",
    "uniqueid": "1750752401.818770"
}

{
    "channel": "SIP/416-0000b119",
    "privilege": "call,all",
    "timestamp": "2025-06-24T11:35:48",
    "type": "call_ringing",
    "uniqueid": "1750752401.818770"
}

{
    "call_type": "internal",
    "caller_id_name": "416-RD-SW5",
    "caller_id_num": "416",
    "cause": "16",
    "cause_description": "",
    "cause_txt": "",
    "channel": "SIP/416-0000b119",
    "connected_line_name": "<unknown>",
    "connected_line_num": "<unknown>",
    "direction": "in",
    "end_time": "2025-06-24T11:36:16",
    "extension_number": "416",
    "has_ringing": true,
    "linkedid": "1750752401.818767",
    "other_extension_number": "415",
    "raw_event": {
        "AccountCode": "",
        "CallerIDName": "416-RD-SW5",
        "CallerIDNum": "416",
        "Cause": "16",
        "Cause-txt": "Normal Clearing",
        "Channel": "SIP/416-0000b119",
        "ChannelState": "5",
        "ChannelStateDesc": "Ringing",
        "ConnectedLineName": "415-RD-SW4",
        "ConnectedLineNum": "415",
        "Context": "from-internal",
        "Event": "Hangup",
        "Exten": "416",
        "Language": "pr2",
        "Linkedid": "1750752401.818767",
        "Priority": "1",
        "Privilege": "call,all",
        "Uniqueid": "1750752401.818770"
    },
    "start_time": "2025-06-24T11:35:48",
    "status": "ringing",
    "timestamp": "2025-06-24T11:36:16",
    "type": "call_ended",
    "uniqueid": "1750752401.818770"
}

{
    "call_duration": 27,
    "call_type": "internal",
    "caller_id_name": "416-RD-SW5",
    "caller_id_num": "416",
    "cause": "16",
    "cause_description": "",
    "cause_txt": "",
    "channel": "SIP/416-0000b119",
    "connected_line_name": "<unknown>",
    "connected_line_num": "<unknown>",
    "direction": "in",
    "end_time": "2025-06-24T11:36:16",
    "extension_number": "416",
    "has_ringing": true,
    "linkedid": "1750752401.818767",
    "other_extension_number": "415",
    "raw_event": {
        "AccountCode": "",
        "CallerIDName": "416-RD-SW5",
        "CallerIDNum": "416",
        "Cause": "16",
        "Cause-txt": "Normal Clearing",
        "Channel": "SIP/416-0000b119",
        "ChannelState": "5",
        "ChannelStateDesc": "Ringing",
        "ConnectedLineName": "415-RD-SW4",
        "ConnectedLineNum": "415",
        "Context": "from-internal",
        "Event": "Hangup",
        "Exten": "416",
        "Language": "pr2",
        "Linkedid": "1750752401.818767",
        "Priority": "1",
        "Privilege": "call,all",
        "Uniqueid": "1750752401.818770"
    },
    "start_time": "2025-06-24T11:35:48",
    "status": "ringing",
    "timestamp": "2025-06-24T11:36:16",
    "type": "call_summary",
    "uniqueid": "1750752401.818770"
}

{
    "extension": "416",
    "privilege": "call,all",
    "timestamp": "2025-06-24T17:01:41",
    "type": "monitor_initialized"
}

{
    "call_type": "",
    "caller_id_name": "416-RD-SW5",
    "caller_id_num": "416",
    "channel": "SIP/416-000007cd",
    "connected_line_name": "<unknown>",
    "connected_line_num": "<unknown>",
    "direction": "",
    "end_time": "",
    "extension_number": "416",
    "has_ringing": false,
    "linkedid": "1750778220.23200",
    "other_extension_number": "",
    "start_time": "2025-06-24T18:46:06",
    "status": "initiated",
    "timestamp": "2025-06-24T18:46:06",
    "type": "call_started",
    "uniqueid": "1750778220.23200"
}

{
    "channel": "SIP/416-000007cd",
    "privilege": "call,all",
    "timestamp": "2025-06-24T18:46:13",
    "type": "call_answered",
    "uniqueid": "1750778220.23200"
}

{
    "call_type": "external",
    "caller_id_name": "416-RD-SW5",
    "caller_id_num": "416",
    "cause": "16",
    "cause_description": "",
    "cause_txt": "",
    "channel": "SIP/416-000007cd",
    "connected_line_name": "<unknown>",
    "connected_line_num": "<unknown>",
    "direction": "out",
    "end_time": "2025-06-24T18:46:51",
    "extension_number": "416",
    "has_ringing": false,
    "linkedid": "1750778220.23200",
    "other_extension_number": "09136421196",
    "raw_event": {
        "AccountCode": "",
        "CallerIDName": "<unknown>",
        "CallerIDNum": "36944000",
        "Cause": "16",
        "Cause-txt": "Normal Clearing",
        "Channel": "SIP/416-000007cd",
        "ChannelState": "6",
        "ChannelStateDesc": "Up",
        "ConnectedLineName": "CID:36944000",
        "ConnectedLineNum": "09136421196",
        "Context": "from-internal",
        "Event": "Hangup",
        "Exten": "h",
        "Language": "pr2",
        "Linkedid": "1750778220.23200",
        "Priority": "1",
        "Privilege": "call,all",
        "Uniqueid": "1750778220.23200"
    },
    "start_time": "2025-06-24T18:46:13",
    "status": "answered",
    "timestamp": "2025-06-24T18:46:51",
    "type": "call_ended",
    "uniqueid": "1750778220.23200"
}

{
    "call_duration": 38,
    "call_type": "external",
    "caller_id_name": "416-RD-SW5",
    "caller_id_num": "416",
    "cause": "16",
    "cause_description": "",
    "cause_txt": "",
    "channel": "SIP/416-000007cd",
    "connected_line_name": "<unknown>",
    "connected_line_num": "<unknown>",
    "direction": "out",
    "end_time": "2025-06-24T18:46:51",
    "extension_number": "416",
    "has_ringing": false,
    "linkedid": "1750778220.23200",
    "other_extension_number": "09136421196",
    "raw_event": {
        "AccountCode": "",
        "CallerIDName": "<unknown>",
        "CallerIDNum": "36944000",
        "Cause": "16",
        "Cause-txt": "Normal Clearing",
        "Channel": "SIP/416-000007cd",
        "ChannelState": "6",
        "ChannelStateDesc": "Up",
        "ConnectedLineName": "CID:36944000",
        "ConnectedLineNum": "09136421196",
        "Context": "from-internal",
        "Event": "Hangup",
        "Exten": "h",
        "Language": "pr2",
        "Linkedid": "1750778220.23200",
        "Priority": "1",
        "Privilege": "call,all",
        "Uniqueid": "1750778220.23200"
    },
    "start_time": "2025-06-24T18:46:13",
    "status": "answered",
    "timestamp": "2025-06-24T18:46:51",
    "type": "call_summary",
    "uniqueid": "1750778220.23200"
}

{
    "call_type": "",
    "caller_id_name": "416-RD-SW5",
    "caller_id_num": "416",
    "channel": "SIP/416-000007cf",
    "connected_line_name": "<unknown>",
    "connected_line_num": "<unknown>",
    "direction": "",
    "end_time": "",
    "extension_number": "416",
    "has_ringing": false,
    "linkedid": "1750778443.23259",
    "other_extension_number": "",
    "start_time": "2025-06-24T18:49:50",
    "status": "initiated",
    "timestamp": "2025-06-24T18:49:50",
    "type": "call_started",
    "uniqueid": "1750778443.23259"
}

{
    "channel": "SIP/416-000007cf",
    "privilege": "call,all",
    "timestamp": "2025-06-24T18:49:59",
    "type": "call_answered",
    "uniqueid": "1750778443.23259"
}

{
    "call_type": "external",
    "caller_id_name": "416-RD-SW5",
    "caller_id_num": "416",
    "cause": "16",
    "cause_description": "",
    "cause_txt": "",
    "channel": "SIP/416-000007cf",
    "connected_line_name": "<unknown>",
    "connected_line_num": "<unknown>",
    "direction": "out",
    "end_time": "2025-06-24T18:52:12",
    "extension_number": "416",
    "has_ringing": false,
    "linkedid": "1750778443.23259",
    "other_extension_number": "09136421196",
    "raw_event": {
        "AccountCode": "",
        "CallerIDName": "<unknown>",
        "CallerIDNum": "36944000",
        "Cause": "16",
        "Cause-txt": "Normal Clearing",
        "Channel": "SIP/416-000007cf",
        "ChannelState": "6",
        "ChannelStateDesc": "Up",
        "ConnectedLineName": "CID:36944000",
        "ConnectedLineNum": "09136421196",
        "Context": "from-internal",
        "Event": "Hangup",
        "Exten": "h",
        "Language": "pr2",
        "Linkedid": "1750778443.23259",
        "Priority": "1",
        "Privilege": "call,all",
        "Uniqueid": "1750778443.23259"
    },
    "start_time": "2025-06-24T18:49:59",
    "status": "answered",
    "timestamp": "2025-06-24T18:52:12",
    "type": "call_ended",
    "uniqueid": "1750778443.23259"
}

{
    "call_duration": 133,
    "call_type": "external",
    "caller_id_name": "416-RD-SW5",
    "caller_id_num": "416",
    "cause": "16",
    "cause_description": "",
    "cause_txt": "",
    "channel": "SIP/416-000007cf",
    "connected_line_name": "<unknown>",
    "connected_line_num": "<unknown>",
    "direction": "out",
    "end_time": "2025-06-24T18:52:12",
    "extension_number": "416",
    "has_ringing": false,
    "linkedid": "1750778443.23259",
    "other_extension_number": "09136421196",
    "raw_event": {
        "AccountCode": "",
        "CallerIDName": "<unknown>",
        "CallerIDNum": "36944000",
        "Cause": "16",
        "Cause-txt": "Normal Clearing",
        "Channel": "SIP/416-000007cf",
        "ChannelState": "6",
        "ChannelStateDesc": "Up",
        "ConnectedLineName": "CID:36944000",
        "ConnectedLineNum": "09136421196",
        "Context": "from-internal",
        "Event": "Hangup",
        "Exten": "h",
        "Language": "pr2",
        "Linkedid": "1750778443.23259",
        "Priority": "1",
        "Privilege": "call,all",
        "Uniqueid": "1750778443.23259"
    },
    "start_time": "2025-06-24T18:49:59",
    "status": "answered",
    "timestamp": "2025-06-24T18:52:12",
    "type": "call_summary",
    "uniqueid": "1750778443.23259"
}

{
    "call_type": "",
    "caller_id_name": "416-RD-SW5",
    "caller_id_num": "416",
    "channel": "SIP/416-000007d5",
    "connected_line_name": "<unknown>",
    "connected_line_num": "<unknown>",
    "direction": "",
    "end_time": "",
    "extension_number": "416",
    "has_ringing": false,
    "linkedid": "1750782703.24094",
    "other_extension_number": "",
    "start_time": "2025-06-24T20:00:49",
    "status": "initiated",
    "timestamp": "2025-06-24T20:00:49",
    "type": "call_started",
    "uniqueid": "1750782703.24094"
}

{
    "channel": "SIP/416-000007d5",
    "privilege": "call,all",
    "timestamp": "2025-06-24T20:00:55",
    "type": "call_answered",
    "uniqueid": "1750782703.24094"
}

{
    "call_type": "external",
    "caller_id_name": "416-RD-SW5",
    "caller_id_num": "416",
    "cause": "16",
    "cause_description": "",
    "cause_txt": "",
    "channel": "SIP/416-000007d5",
    "connected_line_name": "<unknown>",
    "connected_line_num": "<unknown>",
    "direction": "out",
    "end_time": "2025-06-24T20:19:48",
    "extension_number": "416",
    "has_ringing": false,
    "linkedid": "1750782703.24094",
    "other_extension_number": "09136421196",
    "raw_event": {
        "AccountCode": "",
        "CallerIDName": "<unknown>",
        "CallerIDNum": "36944000",
        "Cause": "16",
        "Cause-txt": "Normal Clearing",
        "Channel": "SIP/416-000007d5",
        "ChannelState": "6",
        "ChannelStateDesc": "Up",
        "ConnectedLineName": "CID:36944000",
        "ConnectedLineNum": "09136421196",
        "Context": "from-internal",
        "Event": "Hangup",
        "Exten": "h",
        "Language": "pr2",
        "Linkedid": "1750782703.24094",
        "Priority": "1",
        "Privilege": "call,all",
        "Uniqueid": "1750782703.24094"
    },
    "start_time": "2025-06-24T20:00:55",
    "status": "answered",
    "timestamp": "2025-06-24T20:19:48",
    "type": "call_ended",
    "uniqueid": "1750782703.24094"
}

{
    "call_duration": 1133,
    "call_type": "external",
    "caller_id_name": "416-RD-SW5",
    "caller_id_num": "416",
    "cause": "16",
    "cause_description": "",
    "cause_txt": "",
    "channel": "SIP/416-000007d5",
    "connected_line_name": "<unknown>",
    "connected_line_num": "<unknown>",
    "direction": "out",
    "end_time": "2025-06-24T20:19:48",
    "extension_number": "416",
    "has_ringing": false,
    "linkedid": "1750782703.24094",
    "other_extension_number": "09136421196",
    "raw_event": {
        "AccountCode": "",
        "CallerIDName": "<unknown>",
        "CallerIDNum": "36944000",
        "Cause": "16",
        "Cause-txt": "Normal Clearing",
        "Channel": "SIP/416-000007d5",
        "ChannelState": "6",
        "ChannelStateDesc": "Up",
        "ConnectedLineName": "CID:36944000",
        "ConnectedLineNum": "09136421196",
        "Context": "from-internal",
        "Event": "Hangup",
        "Exten": "h",
        "Language": "pr2",
        "Linkedid": "1750782703.24094",
        "Priority": "1",
        "Privilege": "call,all",
        "Uniqueid": "1750782703.24094"
    },
    "start_time": "2025-06-24T20:00:55",
    "status": "answered",
    "timestamp": "2025-06-24T20:19:48",
    "type": "call_summary",
    "uniqueid": "1750782703.24094"
}

{
    "call_type": "",
    "caller_id_name": "416-RD-SW5",
    "caller_id_num": "416",
    "channel": "SIP/416-000009b6",
    "connected_line_name": "<unknown>",
    "connected_line_num": "<unknown>",
    "direction": "",
    "end_time": "",
    "extension_number": "416",
    "has_ringing": false,
    "linkedid": "1750829887.37183",
    "other_extension_number": "",
    "start_time": "2025-06-25T09:07:14",
    "status": "initiated",
    "timestamp": "2025-06-25T09:07:14",
    "type": "call_started",
    "uniqueid": "1750829887.37186"
}

{
    "channel": "SIP/416-000009b6",
    "privilege": "call,all",
    "timestamp": "2025-06-25T09:07:14",
    "type": "call_ringing",
    "uniqueid": "1750829887.37186"
}

{
    "call_type": "internal",
    "caller_id_name": "416-RD-SW5",
    "caller_id_num": "416",
    "cause": "16",
    "cause_description": "",
    "cause_txt": "",
    "channel": "SIP/416-000009b6",
    "connected_line_name": "<unknown>",
    "connected_line_num": "<unknown>",
    "direction": "in",
    "end_time": "2025-06-25T09:07:31",
    "extension_number": "416",
    "has_ringing": true,
    "linkedid": "1750829887.37183",
    "other_extension_number": "415",
    "raw_event": {
        "AccountCode": "",
        "CallerIDName": "416-RD-SW5",
        "CallerIDNum": "416",
        "Cause": "16",
        "Cause-txt": "Normal Clearing",
        "Channel": "SIP/416-000009b6",
        "ChannelState": "5",
        "ChannelStateDesc": "Ringing",
        "ConnectedLineName": "415-RD-SW4",
        "ConnectedLineNum": "415",
        "Context": "from-internal",
        "Event": "Hangup",
        "Exten": "416",
        "Language": "pr2",
        "Linkedid": "1750829887.37183",
        "Priority": "1",
        "Privilege": "call,all",
        "Uniqueid": "1750829887.37186"
    },
    "start_time": "2025-06-25T09:07:14",
    "status": "ringing",
    "timestamp": "2025-06-25T09:07:31",
    "type": "call_ended",
    "uniqueid": "1750829887.37186"
}

{
    "call_duration": 17,
    "call_type": "internal",
    "caller_id_name": "416-RD-SW5",
    "caller_id_num": "416",
    "cause": "16",
    "cause_description": "",
    "cause_txt": "",
    "channel": "SIP/416-000009b6",
    "connected_line_name": "<unknown>",
    "connected_line_num": "<unknown>",
    "direction": "in",
    "end_time": "2025-06-25T09:07:31",
    "extension_number": "416",
    "has_ringing": true,
    "linkedid": "1750829887.37183",
    "other_extension_number": "415",
    "raw_event": {
        "AccountCode": "",
        "CallerIDName": "416-RD-SW5",
        "CallerIDNum": "416",
        "Cause": "16",
        "Cause-txt": "Normal Clearing",
        "Channel": "SIP/416-000009b6",
        "ChannelState": "5",
        "ChannelStateDesc": "Ringing",
        "ConnectedLineName": "415-RD-SW4",
        "ConnectedLineNum": "415",
        "Context": "from-internal",
        "Event": "Hangup",
        "Exten": "416",
        "Language": "pr2",
        "Linkedid": "1750829887.37183",
        "Priority": "1",
        "Privilege": "call,all",
        "Uniqueid": "1750829887.37186"
    },
    "start_time": "2025-06-25T09:07:14",
    "status": "ringing",
    "timestamp": "2025-06-25T09:07:31",
    "type": "call_summary",
    "uniqueid": "1750829887.37186"
}

{
    "call_type": "",
    "caller_id_name": "416-RD-SW5",
    "caller_id_num": "416",
    "channel": "SIP/416-00000a03",
    "connected_line_name": "<unknown>",
    "connected_line_num": "<unknown>",
    "direction": "",
    "end_time": "",
    "extension_number": "416",
    "has_ringing": false,
    "linkedid": "1750830557.38023",
    "other_extension_number": "",
    "start_time": "2025-06-25T09:18:24",
    "status": "initiated",
    "timestamp": "2025-06-25T09:18:24",
    "type": "call_started",
    "uniqueid": "1750830557.38026"
}

{
    "channel": "SIP/416-00000a03",
    "privilege": "call,all",
    "timestamp": "2025-06-25T09:18:24",
    "type": "call_ringing",
    "uniqueid": "1750830557.38026"
}

{
    "call_type": "internal",
    "caller_id_name": "416-RD-SW5",
    "caller_id_num": "416",
    "cause": "16",
    "cause_description": "",
    "cause_txt": "",
    "channel": "SIP/416-00000a03",
    "connected_line_name": "<unknown>",
    "connected_line_num": "<unknown>",
    "direction": "in",
    "end_time": "2025-06-25T09:19:07",
    "extension_number": "416",
    "has_ringing": true,
    "linkedid": "1750830557.38023",
    "other_extension_number": "414",
    "raw_event": {
        "AccountCode": "",
        "CallerIDName": "416-RD-SW5",
        "CallerIDNum": "416",
        "Cause": "16",
        "Cause-txt": "Normal Clearing",
        "Channel": "SIP/416-00000a03",
        "ChannelState": "5",
        "ChannelStateDesc": "Ringing",
        "ConnectedLineName": "414-RD-SW3",
        "ConnectedLineNum": "414",
        "Context": "from-internal",
        "Event": "Hangup",
        "Exten": "416",
        "Language": "pr2",
        "Linkedid": "1750830557.38023",
        "Priority": "1",
        "Privilege": "call,all",
        "Uniqueid": "1750830557.38026"
    },
    "start_time": "2025-06-25T09:18:24",
    "status": "ringing",
    "timestamp": "2025-06-25T09:19:07",
    "type": "call_ended",
    "uniqueid": "1750830557.38026"
}

{
    "call_duration": 43,
    "call_type": "internal",
    "caller_id_name": "416-RD-SW5",
    "caller_id_num": "416",
    "cause": "16",
    "cause_description": "",
    "cause_txt": "",
    "channel": "SIP/416-00000a03",
    "connected_line_name": "<unknown>",
    "connected_line_num": "<unknown>",
    "direction": "in",
    "end_time": "2025-06-25T09:19:07",
    "extension_number": "416",
    "has_ringing": true,
    "linkedid": "1750830557.38023",
    "other_extension_number": "414",
    "raw_event": {
        "AccountCode": "",
        "CallerIDName": "416-RD-SW5",
        "CallerIDNum": "416",
        "Cause": "16",
        "Cause-txt": "Normal Clearing",
        "Channel": "SIP/416-00000a03",
        "ChannelState": "5",
        "ChannelStateDesc": "Ringing",
        "ConnectedLineName": "414-RD-SW3",
        "ConnectedLineNum": "414",
        "Context": "from-internal",
        "Event": "Hangup",
        "Exten": "416",
        "Language": "pr2",
        "Linkedid": "1750830557.38023",
        "Priority": "1",
        "Privilege": "call,all",
        "Uniqueid": "1750830557.38026"
    },
    "start_time": "2025-06-25T09:18:24",
    "status": "ringing",
    "timestamp": "2025-06-25T09:19:07",
    "type": "call_summary",
    "uniqueid": "1750830557.38026"
}

{
    "call_type": "",
    "caller_id_name": "416-RD-SW5",
    "caller_id_num": "416",
    "channel": "SIP/416-00000b48",
    "connected_line_name": "<unknown>",
    "connected_line_num": "<unknown>",
    "direction": "",
    "end_time": "",
    "extension_number": "416",
    "has_ringing": false,
    "linkedid": "1750833245.41604",
    "other_extension_number": "",
    "start_time": "2025-06-25T10:03:13",
    "status": "initiated",
    "timestamp": "2025-06-25T10:03:13",
    "type": "call_started",
    "uniqueid": "1750833245.41607"
}

{
    "channel": "SIP/416-00000b48",
    "privilege": "call,all",
    "timestamp": "2025-06-25T10:03:13",
    "type": "call_ringing",
    "uniqueid": "1750833245.41607"
}

{
    "call_type": "internal",
    "caller_id_name": "416-RD-SW5",
    "caller_id_num": "416",
    "cause": "16",
    "cause_description": "",
    "cause_txt": "",
    "channel": "SIP/416-00000b48",
    "connected_line_name": "<unknown>",
    "connected_line_num": "<unknown>",
    "direction": "in",
    "end_time": "2025-06-25T10:04:12",
    "extension_number": "416",
    "has_ringing": true,
    "linkedid": "1750833245.41604",
    "other_extension_number": "415",
    "raw_event": {
        "AccountCode": "",
        "CallerIDName": "416-RD-SW5",
        "CallerIDNum": "416",
        "Cause": "16",
        "Cause-txt": "Normal Clearing",
        "Channel": "SIP/416-00000b48",
        "ChannelState": "5",
        "ChannelStateDesc": "Ringing",
        "ConnectedLineName": "415-RD-SW4",
        "ConnectedLineNum": "415",
        "Context": "from-internal",
        "Event": "Hangup",
        "Exten": "416",
        "Language": "pr2",
        "Linkedid": "1750833245.41604",
        "Priority": "1",
        "Privilege": "call,all",
        "Uniqueid": "1750833245.41607"
    },
    "start_time": "2025-06-25T10:03:13",
    "status": "ringing",
    "timestamp": "2025-06-25T10:04:12",
    "type": "call_ended",
    "uniqueid": "1750833245.41607"
}

{
    "call_duration": 58,
    "call_type": "internal",
    "caller_id_name": "416-RD-SW5",
    "caller_id_num": "416",
    "cause": "16",
    "cause_description": "",
    "cause_txt": "",
    "channel": "SIP/416-00000b48",
    "connected_line_name": "<unknown>",
    "connected_line_num": "<unknown>",
    "direction": "in",
    "end_time": "2025-06-25T10:04:12",
    "extension_number": "416",
    "has_ringing": true,
    "linkedid": "1750833245.41604",
    "other_extension_number": "415",
    "raw_event": {
        "AccountCode": "",
        "CallerIDName": "416-RD-SW5",
        "CallerIDNum": "416",
        "Cause": "16",
        "Cause-txt": "Normal Clearing",
        "Channel": "SIP/416-00000b48",
        "ChannelState": "5",
        "ChannelStateDesc": "Ringing",
        "ConnectedLineName": "415-RD-SW4",
        "ConnectedLineNum": "415",
        "Context": "from-internal",
        "Event": "Hangup",
        "Exten": "416",
        "Language": "pr2",
        "Linkedid": "1750833245.41604",
        "Priority": "1",
        "Privilege": "call,all",
        "Uniqueid": "1750833245.41607"
    },
    "start_time": "2025-06-25T10:03:13",
    "status": "ringing",
    "timestamp": "2025-06-25T10:04:12",
    "type": "call_summary",
    "uniqueid": "1750833245.41607"
}

{
    "extension": "416",
    "privilege": "call,all",
    "timestamp": "2025-06-25T13:23:16",
    "type": "monitor_initialized"
}

{
    "extension": "416",
    "privilege": "call,all",
    "timestamp": "2025-06-25T14:01:10",
    "type": "monitor_initialized"
}

{
    "call_type": "",
    "caller_id_name": "416-RD-SW5",
    "caller_id_num": "416",
    "channel": "SIP/416-00001199",
    "connected_line_name": "<unknown>",
    "connected_line_num": "<unknown>",
    "direction": "",
    "end_time": "",
    "extension_number": "416",
    "has_ringing": false,
    "linkedid": "1750847546.62343",
    "other_extension_number": "",
    "start_time": "2025-06-25T14:01:33",
    "status": "initiated",
    "timestamp": "2025-06-25T14:01:33",
    "type": "call_started",
    "uniqueid": "1750847546.62343"
}

{
    "channel": "SIP/416-00001199",
    "privilege": "call,all",
    "timestamp": "2025-06-25T14:01:38",
    "type": "call_answered",
    "uniqueid": "1750847546.62343"
}

{
    "call_type": "external",
    "caller_id_name": "416-RD-SW5",
    "caller_id_num": "416",
    "cause": "16",
    "cause_description": "",
    "cause_txt": "",
    "channel": "SIP/416-00001199",
    "connected_line_name": "<unknown>",
    "connected_line_num": "<unknown>",
    "direction": "out",
    "end_time": "2025-06-25T14:01:42",
    "extension_number": "416",
    "has_ringing": false,
    "linkedid": "1750847546.62343",
    "other_extension_number": "09136421196",
    "raw_event": {
        "AccountCode": "",
        "CallerIDName": "<unknown>",
        "CallerIDNum": "36944000",
        "Cause": "16",
        "Cause-txt": "Normal Clearing",
        "Channel": "SIP/416-00001199",
        "ChannelState": "6",
        "ChannelStateDesc": "Up",
        "ConnectedLineName": "CID:36944000",
        "ConnectedLineNum": "09136421196",
        "Context": "from-internal",
        "Event": "Hangup",
        "Exten": "h",
        "Language": "pr2",
        "Linkedid": "1750847546.62343",
        "Priority": "1",
        "Privilege": "call,all",
        "Uniqueid": "1750847546.62343"
    },
    "start_time": "2025-06-25T14:01:38",
    "status": "answered",
    "timestamp": "2025-06-25T14:01:42",
    "type": "call_ended",
    "uniqueid": "1750847546.62343"
}

{
    "call_duration": 3,
    "call_type": "external",
    "caller_id_name": "416-RD-SW5",
    "caller_id_num": "416",
    "cause": "16",
    "cause_description": "",
    "cause_txt": "",
    "channel": "SIP/416-00001199",
    "connected_line_name": "<unknown>",
    "connected_line_num": "<unknown>",
    "direction": "out",
    "end_time": "2025-06-25T14:01:42",
    "extension_number": "416",
    "has_ringing": false,
    "linkedid": "1750847546.62343",
    "other_extension_number": "09136421196",
    "raw_event": {
        "AccountCode": "",
        "CallerIDName": "<unknown>",
        "CallerIDNum": "36944000",
        "Cause": "16",
        "Cause-txt": "Normal Clearing",
        "Channel": "SIP/416-00001199",
        "ChannelState": "6",
        "ChannelStateDesc": "Up",
        "ConnectedLineName": "CID:36944000",
        "ConnectedLineNum": "09136421196",
        "Context": "from-internal",
        "Event": "Hangup",
        "Exten": "h",
        "Language": "pr2",
        "Linkedid": "1750847546.62343",
        "Priority": "1",
        "Privilege": "call,all",
        "Uniqueid": "1750847546.62343"
    },
    "start_time": "2025-06-25T14:01:38",
    "status": "answered",
    "timestamp": "2025-06-25T14:01:42",
    "type": "call_summary",
    "uniqueid": "1750847546.62343"
}

{
    "extension": "416",
    "privilege": "call,all",
    "timestamp": "2025-06-25T14:07:32",
    "type": "monitor_initialized"
}

{
    "call_type": "",
    "caller_id_name": "416-RD-SW5",
    "caller_id_num": "416",
    "channel": "SIP/416-000011d6",
    "connected_line_name": "<unknown>",
    "connected_line_num": "<unknown>",
    "direction": "",
    "end_time": "",
    "extension_number": "416",
    "has_ringing": false,
    "linkedid": "1750847989.63203",
    "other_extension_number": "",
    "start_time": "2025-06-25T14:08:55",
    "status": "initiated",
    "timestamp": "2025-06-25T14:08:55",
    "type": "call_started",
    "uniqueid": "1750847989.63203"
}

{
    "call_type": "external",
    "caller_id_name": "416-RD-SW5",
    "caller_id_num": "416",
    "cause": "17",
    "cause_description": "",
    "cause_txt": "",
    "channel": "SIP/416-000011d6",
    "connected_line_name": "<unknown>",
    "connected_line_num": "<unknown>",
    "direction": "out",
    "end_time": "2025-06-25T14:08:59",
    "extension_number": "416",
    "has_ringing": false,
    "linkedid": "1750847989.63203",
    "other_extension_number": "09136421196",
    "raw_event": {
        "AccountCode": "",
        "CallerIDName": "<unknown>",
        "CallerIDNum": "36944000",
        "Cause": "17",
        "Cause-txt": "User busy",
        "Channel": "SIP/416-000011d6",
        "ChannelState": "7",
        "ChannelStateDesc": "Busy",
        "ConnectedLineName": "CID:36944000",
        "ConnectedLineNum": "09136421196",
        "Context": "from-internal",
        "Event": "Hangup",
        "Exten": "h",
        "Language": "pr2",
        "Linkedid": "1750847989.63203",
        "Priority": "1",
        "Privilege": "call,all",
        "Uniqueid": "1750847989.63203"
    },
    "start_time": "2025-06-25T14:08:55",
    "status": "initiated",
    "timestamp": "2025-06-25T14:08:59",
    "type": "call_ended",
    "uniqueid": "1750847989.63203"
}

{
    "call_duration": 3,
    "call_type": "external",
    "caller_id_name": "416-RD-SW5",
    "caller_id_num": "416",
    "cause": "17",
    "cause_description": "",
    "cause_txt": "",
    "channel": "SIP/416-000011d6",
    "connected_line_name": "<unknown>",
    "connected_line_num": "<unknown>",
    "direction": "out",
    "end_time": "2025-06-25T14:08:59",
    "extension_number": "416",
    "has_ringing": false,
    "linkedid": "1750847989.63203",
    "other_extension_number": "09136421196",
    "raw_event": {
        "AccountCode": "",
        "CallerIDName": "<unknown>",
        "CallerIDNum": "36944000",
        "Cause": "17",
        "Cause-txt": "User busy",
        "Channel": "SIP/416-000011d6",
        "ChannelState": "7",
        "ChannelStateDesc": "Busy",
        "ConnectedLineName": "CID:36944000",
        "ConnectedLineNum": "09136421196",
        "Context": "from-internal",
        "Event": "Hangup",
        "Exten": "h",
        "Language": "pr2",
        "Linkedid": "1750847989.63203",
        "Priority": "1",
        "Privilege": "call,all",
        "Uniqueid": "1750847989.63203"
    },
    "start_time": "2025-06-25T14:08:55",
    "status": "initiated",
    "timestamp": "2025-06-25T14:08:59",
    "type": "call_summary",
    "uniqueid": "1750847989.63203"
}

{
    "extension": "416",
    "privilege": "call,all",
    "timestamp": "2025-06-25T15:05:15",
    "type": "monitor_initialized"
}

{
    "extension": "416",
    "privilege": "call,all",
    "timestamp": "2025-06-25T15:10:57",
    "type": "monitor_initialized"
}

{
    "extension": "416",
    "privilege": "call,all",
    "timestamp": "2025-06-25T15:20:47",
    "type": "monitor_initialized"
}

{
    "call_type": "",
    "caller_id_name": "416-RD-SW5",
    "caller_id_num": "416",
    "channel": "SIP/416-00001417",
    "connected_line_name": "<unknown>",
    "connected_line_num": "<unknown>",
    "direction": "",
    "end_time": "",
    "extension_number": "416",
    "has_ringing": false,
    "linkedid": "1750853912.70098",
    "other_extension_number": "",
    "start_time": "2025-06-25T15:47:39",
    "status": "initiated",
    "timestamp": "2025-06-25T15:47:39",
    "type": "call_started",
    "uniqueid": "1750853912.70101"
}

{
    "channel": "SIP/416-00001417",
    "privilege": "call,all",
    "timestamp": "2025-06-25T15:47:39",
    "type": "call_ringing",
    "uniqueid": "1750853912.70101"
}

{
    "channel": "SIP/416-00001417",
    "privilege": "call,all",
    "timestamp": "2025-06-25T15:47:51",
    "type": "call_answered",
    "uniqueid": "1750853912.70101"
}

{
    "call_type": "internal",
    "caller_id_name": "416-RD-SW5",
    "caller_id_num": "416",
    "cause": "16",
    "cause_description": "",
    "cause_txt": "",
    "channel": "SIP/416-00001417",
    "connected_line_name": "<unknown>",
    "connected_line_num": "<unknown>",
    "direction": "in",
    "end_time": "2025-06-25T15:48:40",
    "extension_number": "416",
    "has_ringing": true,
    "linkedid": "1750853912.70098",
    "other_extension_number": "415",
    "raw_event": {
        "AccountCode": "",
        "CallerIDName": "416-RD-SW5",
        "CallerIDNum": "416",
        "Cause": "16",
        "Cause-txt": "Normal Clearing",
        "Channel": "SIP/416-00001417",
        "ChannelState": "6",
        "ChannelStateDesc": "Up",
        "ConnectedLineName": "415-RD-SW4",
        "ConnectedLineNum": "415",
        "Context": "from-internal",
        "Event": "Hangup",
        "Exten": "",
        "Language": "pr2",
        "Linkedid": "1750853912.70098",
        "Priority": "1",
        "Privilege": "call,all",
        "Uniqueid": "1750853912.70101"
    },
    "start_time": "2025-06-25T15:47:51",
    "status": "answered",
    "timestamp": "2025-06-25T15:48:40",
    "type": "call_ended",
    "uniqueid": "1750853912.70101"
}

{
    "call_duration": 48,
    "call_type": "internal",
    "caller_id_name": "416-RD-SW5",
    "caller_id_num": "416",
    "cause": "16",
    "cause_description": "",
    "cause_txt": "",
    "channel": "SIP/416-00001417",
    "connected_line_name": "<unknown>",
    "connected_line_num": "<unknown>",
    "direction": "in",
    "end_time": "2025-06-25T15:48:40",
    "extension_number": "416",
    "has_ringing": true,
    "linkedid": "1750853912.70098",
    "other_extension_number": "415",
    "raw_event": {
        "AccountCode": "",
        "CallerIDName": "416-RD-SW5",
        "CallerIDNum": "416",
        "Cause": "16",
        "Cause-txt": "Normal Clearing",
        "Channel": "SIP/416-00001417",
        "ChannelState": "6",
        "ChannelStateDesc": "Up",
        "ConnectedLineName": "415-RD-SW4",
        "ConnectedLineNum": "415",
        "Context": "from-internal",
        "Event": "Hangup",
        "Exten": "",
        "Language": "pr2",
        "Linkedid": "1750853912.70098",
        "Priority": "1",
        "Privilege": "call,all",
        "Uniqueid": "1750853912.70101"
    },
    "start_time": "2025-06-25T15:47:51",
    "status": "answered",
    "timestamp": "2025-06-25T15:48:40",
    "type": "call_summary",
    "uniqueid": "1750853912.70101"
}

{
    "call_type": "",
    "caller_id_name": "416-RD-SW5",
    "caller_id_num": "416",
    "channel": "SIP/416-0000141e",
    "connected_line_name": "<unknown>",
    "connected_line_num": "<unknown>",
    "direction": "",
    "end_time": "",
    "extension_number": "416",
    "has_ringing": false,
    "linkedid": "1750853984.70166",
    "other_extension_number": "",
    "start_time": "2025-06-25T15:48:51",
    "status": "initiated",
    "timestamp": "2025-06-25T15:48:51",
    "type": "call_started",
    "uniqueid": "1750853984.70166"
}

{
    "call_type": "external",
    "caller_id_name": "416-RD-SW5",
    "caller_id_num": "416",
    "cause": "16",
    "cause_description": "",
    "cause_txt": "",
    "channel": "SIP/416-0000141e",
    "connected_line_name": "<unknown>",
    "connected_line_num": "<unknown>",
    "direction": "out",
    "end_time": "2025-06-25T15:48:52",
    "extension_number": "416",
    "has_ringing": false,
    "linkedid": "1750853984.70166",
    "other_extension_number": "09137307820",
    "raw_event": {
        "AccountCode": "",
        "CallerIDName": "<unknown>",
        "CallerIDNum": "36944000",
        "Cause": "16",
        "Cause-txt": "Normal Clearing",
        "Channel": "SIP/416-0000141e",
        "ChannelState": "4",
        "ChannelStateDesc": "Ring",
        "ConnectedLineName": "CID:36944000",
        "ConnectedLineNum": "09137307820",
        "Context": "from-internal",
        "Event": "Hangup",
        "Exten": "h",
        "Language": "pr2",
        "Linkedid": "1750853984.70166",
        "Priority": "1",
        "Privilege": "call,all",
        "Uniqueid": "1750853984.70166"
    },
    "start_time": "2025-06-25T15:48:51",
    "status": "initiated",
    "timestamp": "2025-06-25T15:48:52",
    "type": "call_ended",
    "uniqueid": "1750853984.70166"
}

{
    "call_duration": 1,
    "call_type": "external",
    "caller_id_name": "416-RD-SW5",
    "caller_id_num": "416",
    "cause": "16",
    "cause_description": "",
    "cause_txt": "",
    "channel": "SIP/416-0000141e",
    "connected_line_name": "<unknown>",
    "connected_line_num": "<unknown>",
    "direction": "out",
    "end_time": "2025-06-25T15:48:52",
    "extension_number": "416",
    "has_ringing": false,
    "linkedid": "1750853984.70166",
    "other_extension_number": "09137307820",
    "raw_event": {
        "AccountCode": "",
        "CallerIDName": "<unknown>",
        "CallerIDNum": "36944000",
        "Cause": "16",
        "Cause-txt": "Normal Clearing",
        "Channel": "SIP/416-0000141e",
        "ChannelState": "4",
        "ChannelStateDesc": "Ring",
        "ConnectedLineName": "CID:36944000",
        "ConnectedLineNum": "09137307820",
        "Context": "from-internal",
        "Event": "Hangup",
        "Exten": "h",
        "Language": "pr2",
        "Linkedid": "1750853984.70166",
        "Priority": "1",
        "Privilege": "call,all",
        "Uniqueid": "1750853984.70166"
    },
    "start_time": "2025-06-25T15:48:51",
    "status": "initiated",
    "timestamp": "2025-06-25T15:48:52",
    "type": "call_summary",
    "uniqueid": "1750853984.70166"
}

{
    "call_type": "",
    "caller_id_name": "416-RD-SW5",
    "caller_id_num": "416",
    "channel": "SIP/416-00001420",
    "connected_line_name": "<unknown>",
    "connected_line_num": "<unknown>",
    "direction": "",
    "end_time": "",
    "extension_number": "416",
    "has_ringing": false,
    "linkedid": "1750853992.70179",
    "other_extension_number": "",
    "start_time": "2025-06-25T15:48:58",
    "status": "initiated",
    "timestamp": "2025-06-25T15:48:58",
    "type": "call_started",
    "uniqueid": "1750853992.70179"
}

{
    "channel": "SIP/416-00001420",
    "privilege": "call,all",
    "timestamp": "2025-06-25T15:49:09",
    "type": "call_answered",
    "uniqueid": "1750853992.70179"
}

{
    "call_type": "external",
    "caller_id_name": "416-RD-SW5",
    "caller_id_num": "416",
    "cause": "16",
    "cause_description": "",
    "cause_txt": "",
    "channel": "SIP/416-00001420",
    "connected_line_name": "<unknown>",
    "connected_line_num": "<unknown>",
    "direction": "out",
    "end_time": "2025-06-25T15:50:20",
    "extension_number": "416",
    "has_ringing": false,
    "linkedid": "1750853992.70179",
    "other_extension_number": "09137307820",
    "raw_event": {
        "AccountCode": "",
        "CallerIDName": "<unknown>",
        "CallerIDNum": "36944000",
        "Cause": "16",
        "Cause-txt": "Normal Clearing",
        "Channel": "SIP/416-00001420",
        "ChannelState": "6",
        "ChannelStateDesc": "Up",
        "ConnectedLineName": "CID:36944000",
        "ConnectedLineNum": "09137307820",
        "Context": "from-internal",
        "Event": "Hangup",
        "Exten": "h",
        "Language": "pr2",
        "Linkedid": "1750853992.70179",
        "Priority": "1",
        "Privilege": "call,all",
        "Uniqueid": "1750853992.70179"
    },
    "start_time": "2025-06-25T15:49:09",
    "status": "answered",
    "timestamp": "2025-06-25T15:50:20",
    "type": "call_ended",
    "uniqueid": "1750853992.70179"
}

{
    "call_duration": 71,
    "call_type": "external",
    "caller_id_name": "416-RD-SW5",
    "caller_id_num": "416",
    "cause": "16",
    "cause_description": "",
    "cause_txt": "",
    "channel": "SIP/416-00001420",
    "connected_line_name": "<unknown>",
    "connected_line_num": "<unknown>",
    "direction": "out",
    "end_time": "2025-06-25T15:50:20",
    "extension_number": "416",
    "has_ringing": false,
    "linkedid": "1750853992.70179",
    "other_extension_number": "09137307820",
    "raw_event": {
        "AccountCode": "",
        "CallerIDName": "<unknown>",
        "CallerIDNum": "36944000",
        "Cause": "16",
        "Cause-txt": "Normal Clearing",
        "Channel": "SIP/416-00001420",
        "ChannelState": "6",
        "ChannelStateDesc": "Up",
        "ConnectedLineName": "CID:36944000",
        "ConnectedLineNum": "09137307820",
        "Context": "from-internal",
        "Event": "Hangup",
        "Exten": "h",
        "Language": "pr2",
        "Linkedid": "1750853992.70179",
        "Priority": "1",
        "Privilege": "call,all",
        "Uniqueid": "1750853992.70179"
    },
    "start_time": "2025-06-25T15:49:09",
    "status": "answered",
    "timestamp": "2025-06-25T15:50:20",
    "type": "call_summary",
    "uniqueid": "1750853992.70179"
}

{
    "call_type": "",
    "caller_id_name": "416-RD-SW5",
    "caller_id_num": "416",
    "channel": "SIP/416-000014a4",
    "connected_line_name": "<unknown>",
    "connected_line_num": "<unknown>",
    "direction": "",
    "end_time": "",
    "extension_number": "416",
    "has_ringing": false,
    "linkedid": "1750855595.71702",
    "other_extension_number": "",
    "start_time": "2025-06-25T16:15:44",
    "status": "initiated",
    "timestamp": "2025-06-25T16:15:44",
    "type": "call_started",
    "uniqueid": "1750855595.71705"
}

{
    "channel": "SIP/416-000014a4",
    "privilege": "call,all",
    "timestamp": "2025-06-25T16:15:44",
    "type": "call_ringing",
    "uniqueid": "1750855595.71705"
}

{
    "call_type": "internal",
    "caller_id_name": "416-RD-SW5",
    "caller_id_num": "416",
    "cause": "16",
    "cause_description": "",
    "cause_txt": "",
    "channel": "SIP/416-000014a4",
    "connected_line_name": "<unknown>",
    "connected_line_num": "<unknown>",
    "direction": "in",
    "end_time": "2025-06-25T16:16:05",
    "extension_number": "416",
    "has_ringing": true,
    "linkedid": "1750855595.71702",
    "other_extension_number": "414",
    "raw_event": {
        "AccountCode": "",
        "CallerIDName": "416-RD-SW5",
        "CallerIDNum": "416",
        "Cause": "16",
        "Cause-txt": "Normal Clearing",
        "Channel": "SIP/416-000014a4",
        "ChannelState": "5",
        "ChannelStateDesc": "Ringing",
        "ConnectedLineName": "414-RD-SW3",
        "ConnectedLineNum": "414",
        "Context": "from-internal",
        "Event": "Hangup",
        "Exten": "416",
        "Language": "pr2",
        "Linkedid": "1750855595.71702",
        "Priority": "1",
        "Privilege": "call,all",
        "Uniqueid": "1750855595.71705"
    },
    "start_time": "2025-06-25T16:15:44",
    "status": "ringing",
    "timestamp": "2025-06-25T16:16:05",
    "type": "call_ended",
    "uniqueid": "1750855595.71705"
}

{
    "call_duration": 20,
    "call_type": "internal",
    "caller_id_name": "416-RD-SW5",
    "caller_id_num": "416",
    "cause": "16",
    "cause_description": "",
    "cause_txt": "",
    "channel": "SIP/416-000014a4",
    "connected_line_name": "<unknown>",
    "connected_line_num": "<unknown>",
    "direction": "in",
    "end_time": "2025-06-25T16:16:05",
    "extension_number": "416",
    "has_ringing": true,
    "linkedid": "1750855595.71702",
    "other_extension_number": "414",
    "raw_event": {
        "AccountCode": "",
        "CallerIDName": "416-RD-SW5",
        "CallerIDNum": "416",
        "Cause": "16",
        "Cause-txt": "Normal Clearing",
        "Channel": "SIP/416-000014a4",
        "ChannelState": "5",
        "ChannelStateDesc": "Ringing",
        "ConnectedLineName": "414-RD-SW3",
        "ConnectedLineNum": "414",
        "Context": "from-internal",
        "Event": "Hangup",
        "Exten": "416",
        "Language": "pr2",
        "Linkedid": "1750855595.71702",
        "Priority": "1",
        "Privilege": "call,all",
        "Uniqueid": "1750855595.71705"
    },
    "start_time": "2025-06-25T16:15:44",
    "status": "ringing",
    "timestamp": "2025-06-25T16:16:05",
    "type": "call_summary",
    "uniqueid": "1750855595.71705"
}

{
    "call_type": "",
    "caller_id_name": "416-RD-SW5",
    "caller_id_num": "416",
    "channel": "SIP/416-00001668",
    "connected_line_name": "<unknown>",
    "connected_line_num": "<unknown>",
    "direction": "",
    "end_time": "",
    "extension_number": "416",
    "has_ringing": false,
    "linkedid": "1750936389.91051",
    "other_extension_number": "",
    "start_time": "2025-06-26T14:42:15",
    "status": "initiated",
    "timestamp": "2025-06-26T14:42:15",
    "type": "call_started",
    "uniqueid": "1750936389.91051"
}

{
    "call_type": "external",
    "caller_id_name": "416-RD-SW5",
    "caller_id_num": "416",
    "cause": "16",
    "cause_description": "",
    "cause_txt": "",
    "channel": "SIP/416-00001668",
    "connected_line_name": "<unknown>",
    "connected_line_num": "<unknown>",
    "direction": "out",
    "end_time": "2025-06-26T14:42:20",
    "extension_number": "416",
    "has_ringing": false,
    "linkedid": "1750936389.91051",
    "other_extension_number": "09136421196",
    "raw_event": {
        "AccountCode": "",
        "CallerIDName": "<unknown>",
        "CallerIDNum": "36944000",
        "Cause": "16",
        "Cause-txt": "Normal Clearing",
        "Channel": "SIP/416-00001668",
        "ChannelState": "4",
        "ChannelStateDesc": "Ring",
        "ConnectedLineName": "CID:36944000",
        "ConnectedLineNum": "09136421196",
        "Context": "from-internal",
        "Event": "Hangup",
        "Exten": "h",
        "Language": "pr2",
        "Linkedid": "1750936389.91051",
        "Priority": "1",
        "Privilege": "call,all",
        "Uniqueid": "1750936389.91051"
    },
    "start_time": "2025-06-26T14:42:15",
    "status": "initiated",
    "timestamp": "2025-06-26T14:42:20",
    "type": "call_ended",
    "uniqueid": "1750936389.91051"
}

{
    "call_duration": 4,
    "call_type": "external",
    "caller_id_name": "416-RD-SW5",
    "caller_id_num": "416",
    "cause": "16",
    "cause_description": "",
    "cause_txt": "",
    "channel": "SIP/416-00001668",
    "connected_line_name": "<unknown>",
    "connected_line_num": "<unknown>",
    "direction": "out",
    "end_time": "2025-06-26T14:42:20",
    "extension_number": "416",
    "has_ringing": false,
    "linkedid": "1750936389.91051",
    "other_extension_number": "09136421196",
    "raw_event": {
        "AccountCode": "",
        "CallerIDName": "<unknown>",
        "CallerIDNum": "36944000",
        "Cause": "16",
        "Cause-txt": "Normal Clearing",
        "Channel": "SIP/416-00001668",
        "ChannelState": "4",
        "ChannelStateDesc": "Ring",
        "ConnectedLineName": "CID:36944000",
        "ConnectedLineNum": "09136421196",
        "Context": "from-internal",
        "Event": "Hangup",
        "Exten": "h",
        "Language": "pr2",
        "Linkedid": "1750936389.91051",
        "Priority": "1",
        "Privilege": "call,all",
        "Uniqueid": "1750936389.91051"
    },
    "start_time": "2025-06-26T14:42:15",
    "status": "initiated",
    "timestamp": "2025-06-26T14:42:20",
    "type": "call_summary",
    "uniqueid": "1750936389.91051"
}

{
    "call_type": "",
    "caller_id_name": "416-RD-SW5",
    "caller_id_num": "416",
    "channel": "SIP/416-0000166a",
    "connected_line_name": "<unknown>",
    "connected_line_num": "<unknown>",
    "direction": "",
    "end_time": "",
    "extension_number": "416",
    "has_ringing": false,
    "linkedid": "1750936403.91064",
    "other_extension_number": "",
    "start_time": "2025-06-26T14:42:29",
    "status": "initiated",
    "timestamp": "2025-06-26T14:42:29",
    "type": "call_started",
    "uniqueid": "1750936403.91064"
}

{
    "call_type": "internal",
    "caller_id_name": "416-RD-SW5",
    "caller_id_num": "416",
    "cause": "16",
    "cause_description": "",
    "cause_txt": "",
    "channel": "SIP/416-0000166a",
    "connected_line_name": "<unknown>",
    "connected_line_num": "<unknown>",
    "direction": "out",
    "end_time": "2025-06-26T14:42:30",
    "extension_number": "416",
    "has_ringing": false,
    "linkedid": "1750936403.91064",
    "other_extension_number": "091362",
    "raw_event": {
        "AccountCode": "",
        "CallerIDName": "<unknown>",
        "CallerIDNum": "36944000",
        "Cause": "16",
        "Cause-txt": "Normal Clearing",
        "Channel": "SIP/416-0000166a",
        "ChannelState": "4",
        "ChannelStateDesc": "Ring",
        "ConnectedLineName": "CID:36944000",
        "ConnectedLineNum": "091362",
        "Context": "from-internal",
        "Event": "Hangup",
        "Exten": "h",
        "Language": "pr2",
        "Linkedid": "1750936403.91064",
        "Priority": "1",
        "Privilege": "call,all",
        "Uniqueid": "1750936403.91064"
    },
    "start_time": "2025-06-26T14:42:29",
    "status": "initiated",
    "timestamp": "2025-06-26T14:42:30",
    "type": "call_ended",
    "uniqueid": "1750936403.91064"
}

{
    "call_duration": 0,
    "call_type": "internal",
    "caller_id_name": "416-RD-SW5",
    "caller_id_num": "416",
    "cause": "16",
    "cause_description": "",
    "cause_txt": "",
    "channel": "SIP/416-0000166a",
    "connected_line_name": "<unknown>",
    "connected_line_num": "<unknown>",
    "direction": "out",
    "end_time": "2025-06-26T14:42:30",
    "extension_number": "416",
    "has_ringing": false,
    "linkedid": "1750936403.91064",
    "other_extension_number": "091362",
    "raw_event": {
        "AccountCode": "",
        "CallerIDName": "<unknown>",
        "CallerIDNum": "36944000",
        "Cause": "16",
        "Cause-txt": "Normal Clearing",
        "Channel": "SIP/416-0000166a",
        "ChannelState": "4",
        "ChannelStateDesc": "Ring",
        "ConnectedLineName": "CID:36944000",
        "ConnectedLineNum": "091362",
        "Context": "from-internal",
        "Event": "Hangup",
        "Exten": "h",
        "Language": "pr2",
        "Linkedid": "1750936403.91064",
        "Priority": "1",
        "Privilege": "call,all",
        "Uniqueid": "1750936403.91064"
    },
    "start_time": "2025-06-26T14:42:29",
    "status": "initiated",
    "timestamp": "2025-06-26T14:42:30",
    "type": "call_summary",
    "uniqueid": "1750936403.91064"
}

{
    "call_type": "",
    "caller_id_name": "416-RD-SW5",
    "caller_id_num": "416",
    "channel": "SIP/416-0000166c",
    "connected_line_name": "<unknown>",
    "connected_line_num": "<unknown>",
    "direction": "",
    "end_time": "",
    "extension_number": "416",
    "has_ringing": false,
    "linkedid": "1750936412.91077",
    "other_extension_number": "",
    "start_time": "2025-06-26T14:42:38",
    "status": "initiated",
    "timestamp": "2025-06-26T14:42:38",
    "type": "call_started",
    "uniqueid": "1750936412.91077"
}

{
    "channel": "SIP/416-0000166c",
    "privilege": "call,all",
    "timestamp": "2025-06-26T14:42:42",
    "type": "call_answered",
    "uniqueid": "1750936412.91077"
}

{
    "call_type": "external",
    "caller_id_name": "416-RD-SW5",
    "caller_id_num": "416",
    "cause": "16",
    "cause_description": "",
    "cause_txt": "",
    "channel": "SIP/416-0000166c",
    "connected_line_name": "<unknown>",
    "connected_line_num": "<unknown>",
    "direction": "out",
    "end_time": "2025-06-26T14:42:52",
    "extension_number": "416",
    "has_ringing": false,
    "linkedid": "1750936412.91077",
    "other_extension_number": "09136421196",
    "raw_event": {
        "AccountCode": "",
        "CallerIDName": "<unknown>",
        "CallerIDNum": "36944000",
        "Cause": "16",
        "Cause-txt": "Normal Clearing",
        "Channel": "SIP/416-0000166c",
        "ChannelState": "6",
        "ChannelStateDesc": "Up",
        "ConnectedLineName": "CID:36944000",
        "ConnectedLineNum": "09136421196",
        "Context": "from-internal",
        "Event": "Hangup",
        "Exten": "h",
        "Language": "pr2",
        "Linkedid": "1750936412.91077",
        "Priority": "1",
        "Privilege": "call,all",
        "Uniqueid": "1750936412.91077"
    },
    "start_time": "2025-06-26T14:42:42",
    "status": "answered",
    "timestamp": "2025-06-26T14:42:52",
    "type": "call_ended",
    "uniqueid": "1750936412.91077"
}

{
    "call_duration": 10,
    "call_type": "external",
    "caller_id_name": "416-RD-SW5",
    "caller_id_num": "416",
    "cause": "16",
    "cause_description": "",
    "cause_txt": "",
    "channel": "SIP/416-0000166c",
    "connected_line_name": "<unknown>",
    "connected_line_num": "<unknown>",
    "direction": "out",
    "end_time": "2025-06-26T14:42:52",
    "extension_number": "416",
    "has_ringing": false,
    "linkedid": "1750936412.91077",
    "other_extension_number": "09136421196",
    "raw_event": {
        "AccountCode": "",
        "CallerIDName": "<unknown>",
        "CallerIDNum": "36944000",
        "Cause": "16",
        "Cause-txt": "Normal Clearing",
        "Channel": "SIP/416-0000166c",
        "ChannelState": "6",
        "ChannelStateDesc": "Up",
        "ConnectedLineName": "CID:36944000",
        "ConnectedLineNum": "09136421196",
        "Context": "from-internal",
        "Event": "Hangup",
        "Exten": "h",
        "Language": "pr2",
        "Linkedid": "1750936412.91077",
        "Priority": "1",
        "Privilege": "call,all",
        "Uniqueid": "1750936412.91077"
    },
    "start_time": "2025-06-26T14:42:42",
    "status": "answered",
    "timestamp": "2025-06-26T14:42:52",
    "type": "call_summary",
    "uniqueid": "1750936412.91077"
}

{
    "call_type": "",
    "caller_id_name": "416-RD-SW5",
    "caller_id_num": "416",
    "channel": "SIP/416-0000166e",
    "connected_line_name": "<unknown>",
    "connected_line_num": "<unknown>",
    "direction": "",
    "end_time": "",
    "extension_number": "416",
    "has_ringing": false,
    "linkedid": "1750936584.91129",
    "other_extension_number": "",
    "start_time": "2025-06-26T14:45:31",
    "status": "initiated",
    "timestamp": "2025-06-26T14:45:31",
    "type": "call_started",
    "uniqueid": "1750936584.91129"
}

{
    "channel": "SIP/416-0000166e",
    "privilege": "call,all",
    "timestamp": "2025-06-26T14:45:35",
    "type": "call_answered",
    "uniqueid": "1750936584.91129"
}

{
    "call_type": "external",
    "caller_id_name": "416-RD-SW5",
    "caller_id_num": "416",
    "cause": "16",
    "cause_description": "",
    "cause_txt": "",
    "channel": "SIP/416-0000166e",
    "connected_line_name": "<unknown>",
    "connected_line_num": "<unknown>",
    "direction": "out",
    "end_time": "2025-06-26T14:45:38",
    "extension_number": "416",
    "has_ringing": false,
    "linkedid": "1750936584.91129",
    "other_extension_number": "09136421196",
    "raw_event": {
        "AccountCode": "",
        "CallerIDName": "<unknown>",
        "CallerIDNum": "36944000",
        "Cause": "16",
        "Cause-txt": "Normal Clearing",
        "Channel": "SIP/416-0000166e",
        "ChannelState": "6",
        "ChannelStateDesc": "Up",
        "ConnectedLineName": "CID:36944000",
        "ConnectedLineNum": "09136421196",
        "Context": "from-internal",
        "Event": "Hangup",
        "Exten": "h",
        "Language": "pr2",
        "Linkedid": "1750936584.91129",
        "Priority": "1",
        "Privilege": "call,all",
        "Uniqueid": "1750936584.91129"
    },
    "start_time": "2025-06-26T14:45:35",
    "status": "answered",
    "timestamp": "2025-06-26T14:45:38",
    "type": "call_ended",
    "uniqueid": "1750936584.91129"
}

{
    "call_duration": 2,
    "call_type": "external",
    "caller_id_name": "416-RD-SW5",
    "caller_id_num": "416",
    "cause": "16",
    "cause_description": "",
    "cause_txt": "",
    "channel": "SIP/416-0000166e",
    "connected_line_name": "<unknown>",
    "connected_line_num": "<unknown>",
    "direction": "out",
    "end_time": "2025-06-26T14:45:38",
    "extension_number": "416",
    "has_ringing": false,
    "linkedid": "1750936584.91129",
    "other_extension_number": "09136421196",
    "raw_event": {
        "AccountCode": "",
        "CallerIDName": "<unknown>",
        "CallerIDNum": "36944000",
        "Cause": "16",
        "Cause-txt": "Normal Clearing",
        "Channel": "SIP/416-0000166e",
        "ChannelState": "6",
        "ChannelStateDesc": "Up",
        "ConnectedLineName": "CID:36944000",
        "ConnectedLineNum": "09136421196",
        "Context": "from-internal",
        "Event": "Hangup",
        "Exten": "h",
        "Language": "pr2",
        "Linkedid": "1750936584.91129",
        "Priority": "1",
        "Privilege": "call,all",
        "Uniqueid": "1750936584.91129"
    },
    "start_time": "2025-06-26T14:45:35",
    "status": "answered",
    "timestamp": "2025-06-26T14:45:38",
    "type": "call_summary",
    "uniqueid": "1750936584.91129"
}

{
    "extension": "416",
    "privilege": "call,all",
    "timestamp": "2025-06-28T21:26:07",
    "type": "monitor_initialized"
}

{
    "extension": "416",
    "privilege": "call,all",
    "timestamp": "2025-06-28T21:42:04",
    "type": "monitor_initialized"
}

{
    "extension": "416",
    "privilege": "call,all",
    "timestamp": "2025-06-28T21:47:42",
    "type": "monitor_initialized"
}

{
    "extension": "416",
    "privilege": "call,all",
    "timestamp": "2025-06-28T22:16:57",
    "type": "monitor_initialized"
}

{
    "extension": "416",
    "privilege": "call,all",
    "timestamp": "2025-06-28T22:20:12",
    "type": "monitor_initialized"
}

{
    "extension": "416",
    "privilege": "call,all",
    "timestamp": "2025-06-28T22:27:17",
    "type": "monitor_initialized"
}

{
    "extension": "416",
    "privilege": "call,all",
    "timestamp": "2025-06-28T22:31:02",
    "type": "monitor_initialized"
}

{
    "extension": "416",
    "privilege": "call,all",
    "timestamp": "2025-06-28T22:33:17",
    "type": "monitor_initialized"
}

{
    "extension": "416",
    "privilege": "call,all",
    "timestamp": "2025-06-28T22:36:20",
    "type": "monitor_initialized"
}

{
    "extension": "416",
    "privilege": "call,all",
    "timestamp": "2025-06-28T22:38:31",
    "type": "monitor_initialized"
}

{
    "extension": "416",
    "privilege": "call,all",
    "timestamp": "2025-06-28T22:42:00",
    "type": "monitor_initialized"
}

{
    "extension": "416",
    "privilege": "call,all",
    "timestamp": "2025-06-28T22:44:01",
    "type": "monitor_initialized"
}

{
    "extension": "416",
    "privilege": "call,all",
    "timestamp": "2025-06-28T22:46:26",
    "type": "monitor_initialized"
}

